server number =  0
server number =  1
server number =  2
Test (3A): initial election (reliable network)...
  ... Passed --  time  3.0s #peers 3 #RPCs    56 #Ops    0
server number =  0
server number =  1
server number =  2
Test (3A): election after network failure (reliable network)...
  ... Passed --  time  4.5s #peers 3 #RPCs   122 #Ops    0
server number =  0
server number =  1
server number =  2
server number =  3
server number =  4
server number =  5
server number =  6
Test (3A): multiple elections (reliable network)...
  ... Passed --  time  5.4s #peers 7 #RPCs   576 #Ops    0
PASS
ok  	6.5840/raft1	13.913s
