$ go test  -race

Test (3A): initial election (reliable network)...
  ... Passed --  time  3.0s #peers 3 #RPCs    58 #Ops    0
Test (3A): election after network failure (reliable network)...
  ... Passed --  time  4.4s #peers 3 #RPCs   128 #Ops    0
Test (3A): multiple elections (reliable network)...
  ... Passed --  time  5.6s #peers 7 #RPCs   720 #Ops    0
Test (3B): basic agreement (reliable network)...
  ... Passed --  time  0.7s #peers 3 #RPCs    16 #Ops    0
Test (3B): RPC byte count (reliable network)...
  ... Passed --  time  1.7s #peers 3 #RPCs    48 #Ops    0
Test (3B): test progressive failure of followers (reliable network)...
  ... Passed --  time  4.8s #peers 3 #RPCs   128 #Ops    0
Test (3B): test failure of leaders (reliable network)...
  ... Passed --  time  5.1s #peers 3 #RPCs   190 #Ops    0
Test (3B): agreement after follower reconnects (reliable network)...
  ... Passed --  time  5.7s #peers 3 #RPCs   132 #Ops    0
Test (3B): no agreement if too many followers disconnect (reliable network)...
  ... Passed --  time  3.6s #peers 5 #RPCs   220 #Ops    0
Test (3B): concurrent Start()s (reliable network)...
  ... Passed --  time  0.6s #peers 3 #RPCs    14 #Ops    0
Test (3B): rejoin of partitioned leader (reliable network)...
  ... Passed --  time  6.1s #peers 3 #RPCs   190 #Ops    0
Test (3B): leader backs up quickly over incorrect follower logs (reliable network)...
  ... Passed --  time 19.1s #peers 5 #RPCs  1976 #Ops    0
Test (3B): RPC counts aren't too high (reliable network)...
  ... Passed --  time  2.2s #peers 3 #RPCs    44 #Ops    0
Test (3C): basic persistence (reliable network)...
  ... Passed --  time  3.7s #peers 3 #RPCs    82 #Ops    0
Test (3C): more persistence (reliable network)...
  ... Passed --  time 10.9s #peers 5 #RPCs   436 #Ops    0
Test (3C): partitioned leader and one follower crash, leader restarts (reliable network)...
  ... Passed --  time  2.1s #peers 3 #RPCs    40 #Ops    0
Test (3C): Figure 8 (reliable network)...
  ... Passed --  time 28.5s #peers 5 #RPCs  1124 #Ops    0
Test (3C): unreliable agreement (unreliable network)...
  ... Passed --  time  6.6s #peers 5 #RPCs   640 #Ops    0
Test (3C): Figure 8 (unreliable) (unreliable network)...
  ... Passed --  time 31.7s #peers 5 #RPCs  6866 #Ops    0
Test (3C): churn (reliable network)...
  ... Passed --  time 16.3s #peers 5 #RPCs  1184 #Ops    0
Test (3C): unreliable churn (unreliable network)...
  ... Passed --  time 16.3s #peers 5 #RPCs  1304 #Ops    0
Test (3D): snapshots basic (reliable network)...
  ... Passed --  time  4.9s #peers 3 #RPCs   232 #Ops    0
Test (3D): install snapshots (disconnect) (reliable network)...
  ... Passed --  time 60.8s #peers 3 #RPCs  1588 #Ops    0
Test (3D): install snapshots (disconnect) (unreliable network)...
  ... Passed --  time 73.7s #peers 3 #RPCs  1912 #Ops    0
Test (3D): install snapshots (crash) (reliable network)...
  ... Passed --  time 31.3s #peers 3 #RPCs   896 #Ops    0
Test (3D): install snapshots (crash) (unreliable network)...
  ... Passed --  time 37.1s #peers 3 #RPCs   982 #Ops    0
Test (3D): crash and restart all servers (unreliable network)...
  ... Passed --  time 13.5s #peers 3 #RPCs   360 #Ops    0
Test (3D): snapshot initialization after crash (unreliable network)...
  ... Passed --  time  3.0s #peers 3 #RPCs    84 #Ops    0
PASS
ok      6.5840/raft1    403.924s